<?xml version="1.0" encoding="UTF-8"?>
<coverage generated="1788253286315" clover="3.2.0">
  <project timestamp="1788253286315" name="All files">
    <metrics statements="82" coveredstatements="52" conditionals="217" coveredconditionals="91" methods="49" coveredmethods="27" elements="348" coveredelements="170" complexity="0" loc="82" ncloc="82" packages="2" files="15" classes="15"/>
    <package name="components">
      <metrics statements="34" coveredstatements="24" conditionals="44" coveredconditionals="33" methods="18" coveredmethods="11"/>
      <file name="AwardsForm.jsx" path="/Users/arid/Documents/Testings/React/resume-builder/privy-resume/src/components/AwardsForm.jsx">
        <metrics statements="14" coveredstatements="6" conditionals="12" coveredconditionals="8" methods="9" coveredmethods="4"/>
        <line num="4" count="2" type="cond" truecount="1" falsecount="1"/>
        <line num="6" count="2" type="stmt"/>
        <line num="7" count="0" type="stmt"/>
        <line num="8" count="0" type="stmt"/>
        <line num="9" count="0" type="stmt"/>
        <line num="10" count="0" type="stmt"/>
        <line num="13" count="2" type="stmt"/>
        <line num="18" count="3" type="stmt"/>
        <line num="23" count="0" type="cond" truecount="1" falsecount="1"/>
        <line num="27" count="0" type="cond" truecount="1" falsecount="1"/>
        <line num="34" count="0" type="cond" truecount="1" falsecount="1"/>
        <line num="40" count="0" type="cond" truecount="2" falsecount="0"/>
        <line num="44" count="1" type="stmt"/>
        <line num="51" count="1" type="stmt"/>
      </file>
      <file name="ColorPicker.jsx" path="/Users/arid/Documents/Testings/React/resume-builder/privy-resume/src/components/ColorPicker.jsx">
        <metrics statements="8" coveredstatements="7" conditionals="8" coveredconditionals="7" methods="5" coveredmethods="4"/>
        <line num="4" count="1" type="cond" truecount="1" falsecount="1"/>
        <line num="7" count="1" type="stmt"/>
        <line num="16" count="1" type="stmt"/>
        <line num="17" count="1" type="stmt"/>
        <line num="20" count="1" type="stmt"/>
        <line num="38" count="6" type="stmt"/>
        <line num="42" count="1" type="stmt"/>
        <line num="70" count="0" type="stmt"/>
      </file>
      <file name="LayoutSwitcher.jsx" path="/Users/arid/Documents/Testings/React/resume-builder/privy-resume/src/components/LayoutSwitcher.jsx">
        <metrics statements="4" coveredstatements="3" conditionals="10" coveredconditionals="5" methods="3" coveredmethods="2"/>
        <line num="4" count="1" type="cond" truecount="1" falsecount="1"/>
        <line num="6" count="1" type="stmt"/>
        <line num="25" count="0" type="stmt"/>
        <line num="44" count="1" type="stmt"/>
      </file>
      <file name="ResumePreview.jsx" path="/Users/arid/Documents/Testings/React/resume-builder/privy-resume/src/components/ResumePreview.jsx">
        <metrics statements="8" coveredstatements="8" conditionals="14" coveredconditionals="13" methods="1" coveredmethods="1"/>
        <line num="9" count="5" type="cond" truecount="2" falsecount="0"/>
        <line num="10" count="5" type="cond" truecount="1" falsecount="1"/>
        <line num="11" count="5" type="cond" truecount="2" falsecount="0"/>
        <line num="13" count="5" type="stmt"/>
        <line num="20" count="5" type="cond" truecount="2" falsecount="0"/>
        <line num="21" count="5" type="cond" truecount="2" falsecount="0"/>
        <line num="22" count="5" type="cond" truecount="2" falsecount="0"/>
        <line num="24" count="5" type="stmt"/>
      </file>
    </package>
    <package name="components.preview">
      <metrics statements="48" coveredstatements="28" conditionals="173" coveredconditionals="58" methods="31" coveredmethods="16"/>
      <file name="ClassicLayout.jsx" path="/Users/arid/Documents/Testings/React/resume-builder/privy-resume/src/components/preview/ClassicLayout.jsx">
        <metrics statements="1" coveredstatements="1" conditionals="2" coveredconditionals="2" methods="1" coveredmethods="1"/>
        <line num="11" count="2" type="stmt"/>
      </file>
      <file name="ModernLayout.jsx" path="/Users/arid/Documents/Testings/React/resume-builder/privy-resume/src/components/preview/ModernLayout.jsx">
        <metrics statements="1" coveredstatements="1" conditionals="2" coveredconditionals="2" methods="1" coveredmethods="1"/>
        <line num="12" count="3" type="stmt"/>
      </file>
      <file name="PreviewAwards.jsx" path="/Users/arid/Documents/Testings/React/resume-builder/privy-resume/src/components/preview/PreviewAwards.jsx">
        <metrics statements="4" coveredstatements="4" conditionals="12" coveredconditionals="12" methods="3" coveredmethods="3"/>
        <line num="4" count="7" type="cond" truecount="2" falsecount="0"/>
        <line num="5" count="7" type="cond" truecount="2" falsecount="0"/>
        <line num="7" count="1" type="stmt"/>
        <line num="12" count="1" type="cond" truecount="2" falsecount="0"/>
      </file>
      <file name="PreviewBranding.jsx" path="/Users/arid/Documents/Testings/React/resume-builder/privy-resume/src/components/preview/PreviewBranding.jsx">
        <metrics statements="2" coveredstatements="2" conditionals="2" coveredconditionals="2" methods="1" coveredmethods="1"/>
        <line num="5" count="7" type="cond" truecount="2" falsecount="0"/>
        <line num="7" count="5" type="stmt"/>
      </file>
      <file name="PreviewCompetencies.jsx" path="/Users/arid/Documents/Testings/React/resume-builder/privy-resume/src/components/preview/PreviewCompetencies.jsx">
        <metrics statements="5" coveredstatements="5" conditionals="10" coveredconditionals="10" methods="4" coveredmethods="4"/>
        <line num="4" count="5" type="cond" truecount="2" falsecount="0"/>
        <line num="5" count="5" type="cond" truecount="2" falsecount="0"/>
        <line num="7" count="2" type="stmt"/>
        <line num="15" count="1" type="cond" truecount="2" falsecount="0"/>
        <line num="25" count="1" type="stmt"/>
      </file>
      <file name="PreviewEducation.jsx" path="/Users/arid/Documents/Testings/React/resume-builder/privy-resume/src/components/preview/PreviewEducation.jsx">
        <metrics statements="7" coveredstatements="5" conditionals="27" coveredconditionals="6" methods="5" coveredmethods="1"/>
        <line num="4" count="5" type="cond" truecount="2" falsecount="0"/>
        <line num="5" count="5" type="cond" truecount="2" falsecount="0"/>
        <line num="7" count="5" type="cond" truecount="0" falsecount="2"/>
        <line num="8" count="5" type="cond" truecount="0" falsecount="2"/>
        <line num="10" count="5" type="stmt"/>
        <line num="16" count="0" type="cond" truecount="0" falsecount="3"/>
        <line num="36" count="0" type="cond" truecount="0" falsecount="3"/>
      </file>
      <file name="PreviewExperience.jsx" path="/Users/arid/Documents/Testings/React/resume-builder/privy-resume/src/components/preview/PreviewExperience.jsx">
        <metrics statements="5" coveredstatements="2" conditionals="21" coveredconditionals="3" methods="4" coveredmethods="1"/>
        <line num="4" count="5" type="cond" truecount="2" falsecount="0"/>
        <line num="5" count="5" type="cond" truecount="1" falsecount="3"/>
        <line num="7" count="0" type="stmt"/>
        <line num="10" count="0" type="cond" truecount="0" falsecount="3"/>
        <line num="28" count="0" type="cond" truecount="0" falsecount="2"/>
      </file>
      <file name="PreviewHeader.jsx" path="/Users/arid/Documents/Testings/React/resume-builder/privy-resume/src/components/preview/PreviewHeader.jsx">
        <metrics statements="3" coveredstatements="2" conditionals="27" coveredconditionals="12" methods="2" coveredmethods="1"/>
        <line num="4" count="5" type="cond" truecount="2" falsecount="0"/>
        <line num="6" count="5" type="stmt"/>
        <line num="63" count="0" type="cond" truecount="0" falsecount="3"/>
      </file>
      <file name="PreviewProjects.jsx" path="/Users/arid/Documents/Testings/React/resume-builder/privy-resume/src/components/preview/PreviewProjects.jsx">
        <metrics statements="10" coveredstatements="2" conditionals="27" coveredconditionals="3" methods="4" coveredmethods="1"/>
        <line num="4" count="5" type="cond" truecount="2" falsecount="0"/>
        <line num="5" count="5" type="cond" truecount="1" falsecount="1"/>
        <line num="7" count="0" type="stmt"/>
        <line num="11" count="0" type="cond" truecount="0" falsecount="2"/>
        <line num="14" count="0" type="stmt"/>
        <line num="15" count="0" type="cond" truecount="0" falsecount="4"/>
        <line num="16" count="0" type="cond" truecount="0" falsecount="4"/>
        <line num="17" count="0" type="cond" truecount="0" falsecount="4"/>
        <line num="19" count="0" type="stmt"/>
        <line num="28" count="0" type="cond" truecount="0" falsecount="2"/>
      </file>
      <file name="PreviewReferences.jsx" path="/Users/arid/Documents/Testings/React/resume-builder/privy-resume/src/components/preview/PreviewReferences.jsx">
        <metrics statements="4" coveredstatements="2" conditionals="15" coveredconditionals="3" methods="3" coveredmethods="1"/>
        <line num="4" count="5" type="cond" truecount="2" falsecount="0"/>
        <line num="7" count="5" type="cond" truecount="1" falsecount="3"/>
        <line num="9" count="0" type="stmt"/>
        <line num="13" count="0" type="cond" truecount="0" falsecount="3"/>
      </file>
      <file name="PreviewSkills.jsx" path="/Users/arid/Documents/Testings/React/resume-builder/privy-resume/src/components/preview/PreviewSkills.jsx">
        <metrics statements="6" coveredstatements="2" conditionals="28" coveredconditionals="3" methods="3" coveredmethods="1"/>
        <line num="4" count="5" type="cond" truecount="2" falsecount="0"/>
        <line num="5" count="5" type="cond" truecount="1" falsecount="1"/>
        <line num="7" count="0" type="stmt"/>
        <line num="12" count="0" type="cond" truecount="0" falsecount="2"/>
        <line num="13" count="0" type="cond" truecount="0" falsecount="2"/>
        <line num="15" count="0" type="stmt"/>
      </file>
    </package>
  </project>
</coverage>
