{"/Users/arid/Documents/Testings/React/resume-builder/privy-resume/src/components/AwardsForm.jsx": {"path":"/Users/arid/Documents/Testings/React/resume-builder/privy-resume/src/components/AwardsForm.jsx","statementMap":{"0":{"start":{"line":4,"column":17},"end":{"line":4,"column":null}},"1":{"start":{"line":6,"column":8},"end":{"line":11,"column":null}},"2":{"start":{"line":7,"column":28},"end":{"line":7,"column":null}},"3":{"start":{"line":8,"column":20},"end":{"line":8,"column":null}},"4":{"start":{"line":9,"column":4},"end":{"line":9,"column":null}},"5":{"start":{"line":10,"column":4},"end":{"line":10,"column":null}},"6":{"start":{"line":13,"column":2},"end":{"line":54,"column":null}},"7":{"start":{"line":18,"column":8},"end":{"line":48,"column":null}},"8":{"start":{"line":23,"column":89},"end":{"line":23,"column":113}},"9":{"start":{"line":27,"column":91},"end":{"line":27,"column":115}},"10":{"start":{"line":34,"column":87},"end":{"line":34,"column":111}},"11":{"start":{"line":40,"column":82},"end":{"line":40,"column":106}},"12":{"start":{"line":44,"column":49},"end":{"line":44,"column":80}},"13":{"start":{"line":51,"column":43},"end":{"line":51,"column":114}}},"fnMap":{"0":{"name":"AwardsForm","decl":{"start":{"line":3,"column":24},"end":{"line":3,"column":35}},"loc":{"start":{"line":3,"column":91},"end":{"line":56,"column":null}},"line":3},"1":{"name":"(anonymous_1)","decl":{"start":{"line":6,"column":8},"end":{"line":6,"column":24}},"loc":{"start":{"line":6,"column":37},"end":{"line":11,"column":null}},"line":6},"2":{"name":"(anonymous_2)","decl":{"start":{"line":17,"column":14},"end":{"line":17,"column":19}},"loc":{"start":{"line":18,"column":8},"end":{"line":48,"column":null}},"line":18},"3":{"name":"(anonymous_3)","decl":{"start":{"line":23,"column":72},"end":{"line":23,"column":83}},"loc":{"start":{"line":23,"column":89},"end":{"line":23,"column":113}},"line":23},"4":{"name":"(anonymous_4)","decl":{"start":{"line":27,"column":74},"end":{"line":27,"column":85}},"loc":{"start":{"line":27,"column":91},"end":{"line":27,"column":115}},"line":27},"5":{"name":"(anonymous_5)","decl":{"start":{"line":34,"column":70},"end":{"line":34,"column":81}},"loc":{"start":{"line":34,"column":87},"end":{"line":34,"column":111}},"line":34},"6":{"name":"(anonymous_6)","decl":{"start":{"line":40,"column":65},"end":{"line":40,"column":76}},"loc":{"start":{"line":40,"column":82},"end":{"line":40,"column":106}},"line":40},"7":{"name":"(anonymous_7)","decl":{"start":{"line":44,"column":34},"end":{"line":44,"column":49}},"loc":{"start":{"line":44,"column":49},"end":{"line":44,"column":80}},"line":44},"8":{"name":"(anonymous_8)","decl":{"start":{"line":51,"column":28},"end":{"line":51,"column":43}},"loc":{"start":{"line":51,"column":43},"end":{"line":51,"column":114}},"line":51}},"branchMap":{"0":{"loc":{"start":{"line":4,"column":17},"end":{"line":4,"column":null}},"type":"binary-expr","locations":[{"start":{"line":4,"column":17},"end":{"line":4,"column":38}},{"start":{"line":4,"column":38},"end":{"line":4,"column":null}}],"line":4},"1":{"loc":{"start":{"line":23,"column":53},"end":{"line":23,"column":72}},"type":"binary-expr","locations":[{"start":{"line":23,"column":53},"end":{"line":23,"column":68}},{"start":{"line":23,"column":68},"end":{"line":23,"column":72}}],"line":23},"2":{"loc":{"start":{"line":27,"column":54},"end":{"line":27,"column":74}},"type":"binary-expr","locations":[{"start":{"line":27,"column":54},"end":{"line":27,"column":70}},{"start":{"line":27,"column":70},"end":{"line":27,"column":74}}],"line":27},"3":{"loc":{"start":{"line":34,"column":52},"end":{"line":34,"column":70}},"type":"binary-expr","locations":[{"start":{"line":34,"column":52},"end":{"line":34,"column":66}},{"start":{"line":34,"column":66},"end":{"line":34,"column":70}}],"line":34},"4":{"loc":{"start":{"line":40,"column":44},"end":{"line":40,"column":65}},"type":"binary-expr","locations":[{"start":{"line":40,"column":44},"end":{"line":40,"column":61}},{"start":{"line":40,"column":61},"end":{"line":40,"column":65}}],"line":40},"5":{"loc":{"start":{"line":43,"column":11},"end":{"line":46,"column":null}},"type":"binary-expr","locations":[{"start":{"line":43,"column":11},"end":{"line":43,"column":null}},{"start":{"line":44,"column":12},"end":{"line":46,"column":null}}],"line":43}},"s":{"0":2,"1":2,"2":0,"3":0,"4":0,"5":0,"6":2,"7":3,"8":0,"9":0,"10":0,"11":0,"12":1,"13":1},"f":{"0":2,"1":0,"2":3,"3":0,"4":0,"5":0,"6":0,"7":1,"8":1},"b":{"0":[2,0],"1":[3,0],"2":[3,0],"3":[3,0],"4":[3,3],"5":[3,2]},"meta":{"lastBranch":6,"lastFunction":9,"lastStatement":14,"seen":{"f:3:24:3:35":0,"s:4:17:4:Infinity":0,"b:4:17:4:38:4:38:4:Infinity":0,"s:6:8:11:Infinity":1,"f:6:8:6:24":1,"s:7:28:7:Infinity":2,"s:8:20:8:Infinity":3,"s:9:4:9:Infinity":4,"s:10:4:10:Infinity":5,"s:13:2:54:Infinity":6,"f:17:14:17:19":2,"s:18:8:48:Infinity":7,"b:23:53:23:68:23:68:23:72":1,"f:23:72:23:83":3,"s:23:89:23:113":8,"b:27:54:27:70:27:70:27:74":2,"f:27:74:27:85":4,"s:27:91:27:115":9,"b:34:52:34:66:34:66:34:70":3,"f:34:70:34:81":5,"s:34:87:34:111":10,"b:40:44:40:61:40:61:40:65":4,"f:40:65:40:76":6,"s:40:82:40:106":11,"b:43:11:43:Infinity:44:12:46:Infinity":5,"f:44:34:44:49":7,"s:44:49:44:80":12,"f:51:28:51:43":8,"s:51:43:51:114":13},"fnNames":{}}}
,"/Users/arid/Documents/Testings/React/resume-builder/privy-resume/src/components/ColorPicker.jsx": {"path":"/Users/arid/Documents/Testings/React/resume-builder/privy-resume/src/components/ColorPicker.jsx","statementMap":{"0":{"start":{"line":4,"column":23},"end":{"line":4,"column":null}},"1":{"start":{"line":7,"column":23},"end":{"line":14,"column":null}},"2":{"start":{"line":16,"column":8},"end":{"line":18,"column":null}},"3":{"start":{"line":17,"column":4},"end":{"line":17,"column":null}},"4":{"start":{"line":20,"column":2},"end":{"line":86,"column":null}},"5":{"start":{"line":38,"column":10},"end":{"line":54,"column":null}},"6":{"start":{"line":42,"column":27},"end":{"line":42,"column":null}},"7":{"start":{"line":70,"column":29},"end":{"line":70,"column":null}}},"fnMap":{"0":{"name":"ColorPicker","decl":{"start":{"line":3,"column":24},"end":{"line":3,"column":36}},"loc":{"start":{"line":3,"column":67},"end":{"line":88,"column":null}},"line":3},"1":{"name":"(anonymous_1)","decl":{"start":{"line":16,"column":8},"end":{"line":16,"column":29}},"loc":{"start":{"line":16,"column":42},"end":{"line":18,"column":null}},"line":16},"2":{"name":"(anonymous_2)","decl":{"start":{"line":37,"column":22},"end":{"line":37,"column":27}},"loc":{"start":{"line":38,"column":10},"end":{"line":54,"column":null}},"line":38},"3":{"name":"(anonymous_3)","decl":{"start":{"line":42,"column":12},"end":{"line":42,"column":27}},"loc":{"start":{"line":42,"column":27},"end":{"line":42,"column":null}},"line":42},"4":{"name":"(anonymous_4)","decl":{"start":{"line":70,"column":12},"end":{"line":70,"column":23}},"loc":{"start":{"line":70,"column":29},"end":{"line":70,"column":null}},"line":70}},"branchMap":{"0":{"loc":{"start":{"line":4,"column":23},"end":{"line":4,"column":null}},"type":"binary-expr","locations":[{"start":{"line":4,"column":23},"end":{"line":4,"column":51}},{"start":{"line":4,"column":51},"end":{"line":4,"column":null}}],"line":4},"1":{"loc":{"start":{"line":48,"column":22},"end":{"line":48,"column":null}},"type":"cond-expr","locations":[{"start":{"line":48,"column":80},"end":{"line":48,"column":102}},{"start":{"line":48,"column":102},"end":{"line":48,"column":null}}],"line":48},"2":{"loc":{"start":{"line":49,"column":25},"end":{"line":49,"column":null}},"type":"cond-expr","locations":[{"start":{"line":49,"column":83},"end":{"line":49,"column":105}},{"start":{"line":49,"column":105},"end":{"line":49,"column":null}}],"line":49},"3":{"loc":{"start":{"line":51,"column":25},"end":{"line":51,"column":null}},"type":"cond-expr","locations":[{"start":{"line":51,"column":83},"end":{"line":51,"column":98}},{"start":{"line":51,"column":98},"end":{"line":51,"column":null}}],"line":51}},"s":{"0":1,"1":1,"2":1,"3":1,"4":1,"5":6,"6":1,"7":0},"f":{"0":1,"1":1,"2":6,"3":1,"4":0},"b":{"0":[1,0],"1":[1,5],"2":[1,5],"3":[1,5]},"meta":{"lastBranch":4,"lastFunction":5,"lastStatement":8,"seen":{"f:3:24:3:36":0,"s:4:23:4:Infinity":0,"b:4:23:4:51:4:51:4:Infinity":0,"s:7:23:14:Infinity":1,"s:16:8:18:Infinity":2,"f:16:8:16:29":1,"s:17:4:17:Infinity":3,"s:20:2:86:Infinity":4,"f:37:22:37:27":2,"s:38:10:54:Infinity":5,"f:42:12:42:27":3,"s:42:27:42:Infinity":6,"b:48:80:48:102:48:102:48:Infinity":1,"b:49:83:49:105:49:105:49:Infinity":2,"b:51:83:51:98:51:98:51:Infinity":3,"f:70:12:70:23":4,"s:70:29:70:Infinity":7},"fnNames":{}}}
,"/Users/arid/Documents/Testings/React/resume-builder/privy-resume/src/components/LayoutSwitcher.jsx": {"path":"/Users/arid/Documents/Testings/React/resume-builder/privy-resume/src/components/LayoutSwitcher.jsx","statementMap":{"0":{"start":{"line":4,"column":24},"end":{"line":4,"column":null}},"1":{"start":{"line":6,"column":2},"end":{"line":60,"column":null}},"2":{"start":{"line":25,"column":25},"end":{"line":25,"column":null}},"3":{"start":{"line":44,"column":25},"end":{"line":44,"column":null}}},"fnMap":{"0":{"name":"LayoutSwitcher","decl":{"start":{"line":3,"column":24},"end":{"line":3,"column":39}},"loc":{"start":{"line":3,"column":70},"end":{"line":62,"column":null}},"line":3},"1":{"name":"(anonymous_1)","decl":{"start":{"line":25,"column":10},"end":{"line":25,"column":25}},"loc":{"start":{"line":25,"column":25},"end":{"line":25,"column":null}},"line":25},"2":{"name":"(anonymous_2)","decl":{"start":{"line":44,"column":10},"end":{"line":44,"column":25}},"loc":{"start":{"line":44,"column":25},"end":{"line":44,"column":null}},"line":44}},"branchMap":{"0":{"loc":{"start":{"line":4,"column":24},"end":{"line":4,"column":null}},"type":"binary-expr","locations":[{"start":{"line":4,"column":24},"end":{"line":4,"column":53}},{"start":{"line":4,"column":53},"end":{"line":4,"column":null}}],"line":4},"1":{"loc":{"start":{"line":33,"column":29},"end":{"line":33,"column":null}},"type":"cond-expr","locations":[{"start":{"line":33,"column":59},"end":{"line":33,"column":71}},{"start":{"line":33,"column":71},"end":{"line":33,"column":null}}],"line":33},"2":{"loc":{"start":{"line":35,"column":25},"end":{"line":35,"column":null}},"type":"cond-expr","locations":[{"start":{"line":35,"column":55},"end":{"line":35,"column":67}},{"start":{"line":35,"column":67},"end":{"line":35,"column":null}}],"line":35},"3":{"loc":{"start":{"line":52,"column":29},"end":{"line":52,"column":null}},"type":"cond-expr","locations":[{"start":{"line":52,"column":58},"end":{"line":52,"column":70}},{"start":{"line":52,"column":70},"end":{"line":52,"column":null}}],"line":52},"4":{"loc":{"start":{"line":54,"column":25},"end":{"line":54,"column":null}},"type":"cond-expr","locations":[{"start":{"line":54,"column":54},"end":{"line":54,"column":66}},{"start":{"line":54,"column":66},"end":{"line":54,"column":null}}],"line":54}},"s":{"0":1,"1":1,"2":0,"3":1},"f":{"0":1,"1":0,"2":1},"b":{"0":[1,0],"1":[1,0],"2":[1,0],"3":[0,1],"4":[0,1]},"meta":{"lastBranch":5,"lastFunction":3,"lastStatement":4,"seen":{"f:3:24:3:39":0,"s:4:24:4:Infinity":0,"b:4:24:4:53:4:53:4:Infinity":0,"s:6:2:60:Infinity":1,"f:25:10:25:25":1,"s:25:25:25:Infinity":2,"b:33:59:33:71:33:71:33:Infinity":1,"b:35:55:35:67:35:67:35:Infinity":2,"f:44:10:44:25":2,"s:44:25:44:Infinity":3,"b:52:58:52:70:52:70:52:Infinity":3,"b:54:54:54:66:54:66:54:Infinity":4},"fnNames":{}}}
,"/Users/arid/Documents/Testings/React/resume-builder/privy-resume/src/components/ResumePreview.jsx": {"path":"/Users/arid/Documents/Testings/React/resume-builder/privy-resume/src/components/ResumePreview.jsx","statementMap":{"0":{"start":{"line":9,"column":22},"end":{"line":9,"column":null}},"1":{"start":{"line":10,"column":24},"end":{"line":10,"column":null}},"2":{"start":{"line":11,"column":22},"end":{"line":11,"column":null}},"3":{"start":{"line":13,"column":23},"end":{"line":17,"column":null}},"4":{"start":{"line":20,"column":19},"end":{"line":20,"column":null}},"5":{"start":{"line":21,"column":21},"end":{"line":21,"column":null}},"6":{"start":{"line":22,"column":24},"end":{"line":22,"column":null}},"7":{"start":{"line":24,"column":2},"end":{"line":55,"column":null}}},"fnMap":{"0":{"name":"ResumePreview","decl":{"start":{"line":7,"column":24},"end":{"line":7,"column":38}},"loc":{"start":{"line":7,"column":54},"end":{"line":57,"column":null}},"line":7}},"branchMap":{"0":{"loc":{"start":{"line":9,"column":22},"end":{"line":9,"column":null}},"type":"binary-expr","locations":[{"start":{"line":9,"column":22},"end":{"line":9,"column":50}},{"start":{"line":9,"column":50},"end":{"line":9,"column":null}}],"line":9},"1":{"loc":{"start":{"line":10,"column":24},"end":{"line":10,"column":null}},"type":"binary-expr","locations":[{"start":{"line":10,"column":24},"end":{"line":10,"column":53}},{"start":{"line":10,"column":53},"end":{"line":10,"column":null}}],"line":10},"2":{"loc":{"start":{"line":11,"column":22},"end":{"line":11,"column":null}},"type":"binary-expr","locations":[{"start":{"line":11,"column":22},"end":{"line":11,"column":49}},{"start":{"line":11,"column":49},"end":{"line":11,"column":null}}],"line":11},"3":{"loc":{"start":{"line":20,"column":19},"end":{"line":20,"column":null}},"type":"binary-expr","locations":[{"start":{"line":20,"column":19},"end":{"line":20,"column":50}},{"start":{"line":20,"column":50},"end":{"line":20,"column":null}}],"line":20},"4":{"loc":{"start":{"line":21,"column":21},"end":{"line":21,"column":null}},"type":"binary-expr","locations":[{"start":{"line":21,"column":21},"end":{"line":21,"column":54}},{"start":{"line":21,"column":54},"end":{"line":21,"column":null}}],"line":21},"5":{"loc":{"start":{"line":22,"column":24},"end":{"line":22,"column":null}},"type":"binary-expr","locations":[{"start":{"line":22,"column":24},"end":{"line":22,"column":60}},{"start":{"line":22,"column":60},"end":{"line":22,"column":null}}],"line":22},"6":{"loc":{"start":{"line":39,"column":9},"end":{"line":51,"column":null}},"type":"cond-expr","locations":[{"start":{"line":40,"column":10},"end":{"line":47,"column":null}},{"start":{"line":47,"column":8},"end":{"line":51,"column":null}}],"line":39}},"s":{"0":5,"1":5,"2":5,"3":5,"4":5,"5":5,"6":5,"7":5},"f":{"0":5},"b":{"0":[5,5],"1":[5,0],"2":[5,5],"3":[5,4],"4":[5,4],"5":[5,4],"6":[2,3]},"meta":{"lastBranch":7,"lastFunction":1,"lastStatement":8,"seen":{"f:7:24:7:38":0,"s:9:22:9:Infinity":0,"b:9:22:9:50:9:50:9:Infinity":0,"s:10:24:10:Infinity":1,"b:10:24:10:53:10:53:10:Infinity":1,"s:11:22:11:Infinity":2,"b:11:22:11:49:11:49:11:Infinity":2,"s:13:23:17:Infinity":3,"s:20:19:20:Infinity":4,"b:20:19:20:50:20:50:20:Infinity":3,"s:21:21:21:Infinity":5,"b:21:21:21:54:21:54:21:Infinity":4,"s:22:24:22:Infinity":6,"b:22:24:22:60:22:60:22:Infinity":5,"s:24:2:55:Infinity":7,"b:40:10:47:Infinity:47:8:51:Infinity":6},"fnNames":{}}}
,"/Users/arid/Documents/Testings/React/resume-builder/privy-resume/src/components/preview/ClassicLayout.jsx": {"path":"/Users/arid/Documents/Testings/React/resume-builder/privy-resume/src/components/preview/ClassicLayout.jsx","statementMap":{"0":{"start":{"line":11,"column":2},"end":{"line":27,"column":null}}},"fnMap":{"0":{"name":"ClassicLayout","decl":{"start":{"line":10,"column":24},"end":{"line":10,"column":38}},"loc":{"start":{"line":10,"column":54},"end":{"line":29,"column":null}},"line":10}},"branchMap":{"0":{"loc":{"start":{"line":13,"column":7},"end":{"line":17,"column":null}},"type":"binary-expr","locations":[{"start":{"line":13,"column":7},"end":{"line":13,"column":null}},{"start":{"line":14,"column":8},"end":{"line":17,"column":null}}],"line":13}},"s":{"0":2},"f":{"0":2},"b":{"0":[2,1]},"meta":{"lastBranch":1,"lastFunction":1,"lastStatement":1,"seen":{"f:10:24:10:38":0,"s:11:2:27:Infinity":0,"b:13:7:13:Infinity:14:8:17:Infinity":0},"fnNames":{}}}
,"/Users/arid/Documents/Testings/React/resume-builder/privy-resume/src/components/preview/ModernLayout.jsx": {"path":"/Users/arid/Documents/Testings/React/resume-builder/privy-resume/src/components/preview/ModernLayout.jsx","statementMap":{"0":{"start":{"line":12,"column":2},"end":{"line":43,"column":null}}},"fnMap":{"0":{"name":"ModernLayout","decl":{"start":{"line":11,"column":24},"end":{"line":11,"column":37}},"loc":{"start":{"line":11,"column":53},"end":{"line":45,"column":null}},"line":11}},"branchMap":{"0":{"loc":{"start":{"line":29,"column":11},"end":{"line":33,"column":null}},"type":"binary-expr","locations":[{"start":{"line":29,"column":11},"end":{"line":29,"column":null}},{"start":{"line":30,"column":12},"end":{"line":33,"column":null}}],"line":29}},"s":{"0":3},"f":{"0":3},"b":{"0":[3,1]},"meta":{"lastBranch":1,"lastFunction":1,"lastStatement":1,"seen":{"f:11:24:11:37":0,"s:12:2:43:Infinity":0,"b:29:11:29:Infinity:30:12:33:Infinity":0},"fnNames":{}}}
,"/Users/arid/Documents/Testings/React/resume-builder/privy-resume/src/components/preview/PreviewAwards.jsx": {"path":"/Users/arid/Documents/Testings/React/resume-builder/privy-resume/src/components/preview/PreviewAwards.jsx","statementMap":{"0":{"start":{"line":4,"column":21},"end":{"line":4,"column":null}},"1":{"start":{"line":5,"column":2},"end":{"line":5,"column":null}},"2":{"start":{"line":5,"column":28},"end":{"line":5,"column":35}},"3":{"start":{"line":5,"column":38},"end":{"line":5,"column":null}},"4":{"start":{"line":7,"column":2},"end":{"line":24,"column":null}},"5":{"start":{"line":12,"column":8},"end":{"line":21,"column":null}}},"fnMap":{"0":{"name":"PreviewAwards","decl":{"start":{"line":3,"column":24},"end":{"line":3,"column":38}},"loc":{"start":{"line":3,"column":54},"end":{"line":26,"column":null}},"line":3},"1":{"name":"(anonymous_1)","decl":{"start":{"line":5,"column":18},"end":{"line":5,"column":23}},"loc":{"start":{"line":5,"column":28},"end":{"line":5,"column":35}},"line":5},"2":{"name":"(anonymous_2)","decl":{"start":{"line":11,"column":18},"end":{"line":11,"column":23}},"loc":{"start":{"line":12,"column":8},"end":{"line":21,"column":null}},"line":12}},"branchMap":{"0":{"loc":{"start":{"line":4,"column":21},"end":{"line":4,"column":null}},"type":"binary-expr","locations":[{"start":{"line":4,"column":21},"end":{"line":4,"column":42}},{"start":{"line":4,"column":42},"end":{"line":4,"column":null}}],"line":4},"1":{"loc":{"start":{"line":5,"column":2},"end":{"line":5,"column":null}},"type":"if","locations":[{"start":{"line":5,"column":2},"end":{"line":5,"column":null}},{"start":{},"end":{}}],"line":5},"2":{"loc":{"start":{"line":12,"column":8},"end":{"line":21,"column":null}},"type":"binary-expr","locations":[{"start":{"line":12,"column":8},"end":{"line":12,"column":null}},{"start":{"line":13,"column":10},"end":{"line":21,"column":null}}],"line":12},"3":{"loc":{"start":{"line":16,"column":31},"end":{"line":16,"column":null}},"type":"binary-expr","locations":[{"start":{"line":16,"column":31},"end":{"line":16,"column":47}},{"start":{"line":16,"column":47},"end":{"line":16,"column":null}}],"line":16},"4":{"loc":{"start":{"line":18,"column":15},"end":{"line":19,"column":null}},"type":"binary-expr","locations":[{"start":{"line":18,"column":15},"end":{"line":18,"column":29}},{"start":{"line":18,"column":29},"end":{"line":19,"column":null}}],"line":18},"5":{"loc":{"start":{"line":20,"column":13},"end":{"line":21,"column":null}},"type":"binary-expr","locations":[{"start":{"line":20,"column":13},"end":{"line":20,"column":30}},{"start":{"line":20,"column":30},"end":{"line":21,"column":null}}],"line":20}},"s":{"0":7,"1":7,"2":2,"3":6,"4":1,"5":1},"f":{"0":7,"1":2,"2":1},"b":{"0":[7,5],"1":[6,1],"2":[1,1],"3":[1,1],"4":[1,1],"5":[1,1]},"meta":{"lastBranch":6,"lastFunction":3,"lastStatement":6,"seen":{"f:3:24:3:38":0,"s:4:21:4:Infinity":0,"b:4:21:4:42:4:42:4:Infinity":0,"b:5:2:5:Infinity:undefined:undefined:undefined:undefined":1,"s:5:2:5:Infinity":1,"f:5:18:5:23":1,"s:5:28:5:35":2,"s:5:38:5:Infinity":3,"s:7:2:24:Infinity":4,"f:11:18:11:23":2,"s:12:8:21:Infinity":5,"b:12:8:12:Infinity:13:10:21:Infinity":2,"b:16:31:16:47:16:47:16:Infinity":3,"b:18:15:18:29:18:29:19:Infinity":4,"b:20:13:20:30:20:30:21:Infinity":5},"fnNames":{}}}
,"/Users/arid/Documents/Testings/React/resume-builder/privy-resume/src/components/preview/PreviewBranding.jsx": {"path":"/Users/arid/Documents/Testings/React/resume-builder/privy-resume/src/components/preview/PreviewBranding.jsx","statementMap":{"0":{"start":{"line":5,"column":2},"end":{"line":5,"column":null}},"1":{"start":{"line":5,"column":41},"end":{"line":5,"column":null}},"2":{"start":{"line":7,"column":2},"end":{"line":23,"column":null}}},"fnMap":{"0":{"name":"PreviewBranding","decl":{"start":{"line":3,"column":24},"end":{"line":3,"column":40}},"loc":{"start":{"line":3,"column":56},"end":{"line":25,"column":null}},"line":3}},"branchMap":{"0":{"loc":{"start":{"line":5,"column":2},"end":{"line":5,"column":null}},"type":"if","locations":[{"start":{"line":5,"column":2},"end":{"line":5,"column":null}},{"start":{},"end":{}}],"line":5}},"s":{"0":7,"1":2,"2":5},"f":{"0":7},"b":{"0":[2,5]},"meta":{"lastBranch":1,"lastFunction":1,"lastStatement":3,"seen":{"f:3:24:3:40":0,"b:5:2:5:Infinity:undefined:undefined:undefined:undefined":0,"s:5:2:5:Infinity":0,"s:5:41:5:Infinity":1,"s:7:2:23:Infinity":2},"fnNames":{}}}
,"/Users/arid/Documents/Testings/React/resume-builder/privy-resume/src/components/preview/PreviewCompetencies.jsx": {"path":"/Users/arid/Documents/Testings/React/resume-builder/privy-resume/src/components/preview/PreviewCompetencies.jsx","statementMap":{"0":{"start":{"line":4,"column":19},"end":{"line":4,"column":null}},"1":{"start":{"line":5,"column":2},"end":{"line":5,"column":null}},"2":{"start":{"line":5,"column":26},"end":{"line":5,"column":32}},"3":{"start":{"line":5,"column":35},"end":{"line":5,"column":null}},"4":{"start":{"line":7,"column":2},"end":{"line":28,"column":null}},"5":{"start":{"line":15,"column":12},"end":{"line":18,"column":null}},"6":{"start":{"line":25,"column":29},"end":{"line":25,"column":35}}},"fnMap":{"0":{"name":"PreviewCompetencies","decl":{"start":{"line":3,"column":24},"end":{"line":3,"column":44}},"loc":{"start":{"line":3,"column":70},"end":{"line":30,"column":null}},"line":3},"1":{"name":"(anonymous_1)","decl":{"start":{"line":5,"column":16},"end":{"line":5,"column":21}},"loc":{"start":{"line":5,"column":26},"end":{"line":5,"column":32}},"line":5},"2":{"name":"(anonymous_2)","decl":{"start":{"line":14,"column":20},"end":{"line":14,"column":25}},"loc":{"start":{"line":15,"column":12},"end":{"line":18,"column":null}},"line":15},"3":{"name":"(anonymous_3)","decl":{"start":{"line":25,"column":20},"end":{"line":25,"column":24}},"loc":{"start":{"line":25,"column":29},"end":{"line":25,"column":35}},"line":25}},"branchMap":{"0":{"loc":{"start":{"line":4,"column":19},"end":{"line":4,"column":null}},"type":"binary-expr","locations":[{"start":{"line":4,"column":19},"end":{"line":4,"column":46}},{"start":{"line":4,"column":46},"end":{"line":4,"column":null}}],"line":4},"1":{"loc":{"start":{"line":5,"column":2},"end":{"line":5,"column":null}},"type":"if","locations":[{"start":{"line":5,"column":2},"end":{"line":5,"column":null}},{"start":{},"end":{}}],"line":5},"2":{"loc":{"start":{"line":8,"column":32},"end":{"line":8,"column":58}},"type":"cond-expr","locations":[{"start":{"line":8,"column":43},"end":{"line":8,"column":52}},{"start":{"line":8,"column":52},"end":{"line":8,"column":58}}],"line":8},"3":{"loc":{"start":{"line":11,"column":7},"end":{"line":28,"column":null}},"type":"cond-expr","locations":[{"start":{"line":13,"column":8},"end":{"line":21,"column":null}},{"start":{"line":24,"column":8},"end":{"line":28,"column":null}}],"line":11},"4":{"loc":{"start":{"line":15,"column":12},"end":{"line":18,"column":null}},"type":"binary-expr","locations":[{"start":{"line":15,"column":12},"end":{"line":15,"column":null}},{"start":{"line":16,"column":14},"end":{"line":18,"column":null}}],"line":15}},"s":{"0":5,"1":5,"2":2,"3":3,"4":2,"5":1,"6":1},"f":{"0":5,"1":2,"2":1,"3":1},"b":{"0":[5,3],"1":[3,2],"2":[1,1],"3":[1,1],"4":[1,1]},"meta":{"lastBranch":5,"lastFunction":4,"lastStatement":7,"seen":{"f:3:24:3:44":0,"s:4:19:4:Infinity":0,"b:4:19:4:46:4:46:4:Infinity":0,"b:5:2:5:Infinity:undefined:undefined:undefined:undefined":1,"s:5:2:5:Infinity":1,"f:5:16:5:21":1,"s:5:26:5:32":2,"s:5:35:5:Infinity":3,"s:7:2:28:Infinity":4,"b:8:43:8:52:8:52:8:58":2,"b:13:8:21:Infinity:24:8:28:Infinity":3,"f:14:20:14:25":2,"s:15:12:18:Infinity":5,"b:15:12:15:Infinity:16:14:18:Infinity":4,"f:25:20:25:24":3,"s:25:29:25:35":6},"fnNames":{}}}
,"/Users/arid/Documents/Testings/React/resume-builder/privy-resume/src/components/preview/PreviewEducation.jsx": {"path":"/Users/arid/Documents/Testings/React/resume-builder/privy-resume/src/components/preview/PreviewEducation.jsx","statementMap":{"0":{"start":{"line":4,"column":22},"end":{"line":4,"column":null}},"1":{"start":{"line":5,"column":20},"end":{"line":5,"column":null}},"2":{"start":{"line":7,"column":17},"end":{"line":7,"column":null}},"3":{"start":{"line":7,"column":39},"end":{"line":7,"column":64}},"4":{"start":{"line":8,"column":19},"end":{"line":8,"column":null}},"5":{"start":{"line":8,"column":39},"end":{"line":8,"column":68}},"6":{"start":{"line":10,"column":2},"end":{"line":49,"column":null}},"7":{"start":{"line":16,"column":33},"end":{"line":26,"column":null}},"8":{"start":{"line":36,"column":32},"end":{"line":44,"column":null}}},"fnMap":{"0":{"name":"PreviewEducation","decl":{"start":{"line":3,"column":24},"end":{"line":3,"column":41}},"loc":{"start":{"line":3,"column":57},"end":{"line":51,"column":null}},"line":3},"1":{"name":"(anonymous_1)","decl":{"start":{"line":7,"column":29},"end":{"line":7,"column":34}},"loc":{"start":{"line":7,"column":39},"end":{"line":7,"column":64}},"line":7},"2":{"name":"(anonymous_2)","decl":{"start":{"line":8,"column":29},"end":{"line":8,"column":34}},"loc":{"start":{"line":8,"column":39},"end":{"line":8,"column":68}},"line":8},"3":{"name":"(anonymous_3)","decl":{"start":{"line":16,"column":23},"end":{"line":16,"column":28}},"loc":{"start":{"line":16,"column":33},"end":{"line":26,"column":null}},"line":16},"4":{"name":"(anonymous_4)","decl":{"start":{"line":36,"column":21},"end":{"line":36,"column":26}},"loc":{"start":{"line":36,"column":32},"end":{"line":44,"column":null}},"line":36}},"branchMap":{"0":{"loc":{"start":{"line":4,"column":22},"end":{"line":4,"column":null}},"type":"binary-expr","locations":[{"start":{"line":4,"column":22},"end":{"line":4,"column":44}},{"start":{"line":4,"column":44},"end":{"line":4,"column":null}}],"line":4},"1":{"loc":{"start":{"line":5,"column":20},"end":{"line":5,"column":null}},"type":"binary-expr","locations":[{"start":{"line":5,"column":20},"end":{"line":5,"column":49}},{"start":{"line":5,"column":49},"end":{"line":5,"column":null}}],"line":5},"2":{"loc":{"start":{"line":7,"column":39},"end":{"line":7,"column":64}},"type":"binary-expr","locations":[{"start":{"line":7,"column":39},"end":{"line":7,"column":56}},{"start":{"line":7,"column":56},"end":{"line":7,"column":64}}],"line":7},"3":{"loc":{"start":{"line":8,"column":39},"end":{"line":8,"column":68}},"type":"binary-expr","locations":[{"start":{"line":8,"column":39},"end":{"line":8,"column":53}},{"start":{"line":8,"column":53},"end":{"line":8,"column":68}}],"line":8},"4":{"loc":{"start":{"line":13,"column":7},"end":{"line":33,"column":null}},"type":"binary-expr","locations":[{"start":{"line":13,"column":7},"end":{"line":13,"column":null}},{"start":{"line":14,"column":8},"end":{"line":33,"column":null}}],"line":13},"5":{"loc":{"start":{"line":16,"column":33},"end":{"line":26,"column":null}},"type":"binary-expr","locations":[{"start":{"line":17,"column":13},"end":{"line":17,"column":32}},{"start":{"line":17,"column":32},"end":{"line":17,"column":null}},{"start":{"line":18,"column":14},"end":{"line":26,"column":null}}],"line":16},"6":{"loc":{"start":{"line":22,"column":34},"end":{"line":22,"column":null}},"type":"binary-expr","locations":[{"start":{"line":22,"column":34},"end":{"line":22,"column":56}},{"start":{"line":22,"column":56},"end":{"line":22,"column":null}}],"line":22},"7":{"loc":{"start":{"line":25,"column":18},"end":{"line":26,"column":null}},"type":"binary-expr","locations":[{"start":{"line":25,"column":18},"end":{"line":25,"column":34}},{"start":{"line":25,"column":34},"end":{"line":25,"column":49}},{"start":{"line":25,"column":49},"end":{"line":26,"column":null}}],"line":25},"8":{"loc":{"start":{"line":25,"column":138},"end":{"line":25,"column":167}},"type":"binary-expr","locations":[{"start":{"line":25,"column":138},"end":{"line":25,"column":152}},{"start":{"line":25,"column":152},"end":{"line":25,"column":167}}],"line":25},"9":{"loc":{"start":{"line":33,"column":7},"end":{"line":49,"column":null}},"type":"binary-expr","locations":[{"start":{"line":33,"column":7},"end":{"line":33,"column":null}},{"start":{"line":34,"column":8},"end":{"line":49,"column":null}}],"line":33},"10":{"loc":{"start":{"line":36,"column":32},"end":{"line":44,"column":null}},"type":"binary-expr","locations":[{"start":{"line":37,"column":13},"end":{"line":37,"column":30}},{"start":{"line":37,"column":30},"end":{"line":37,"column":null}},{"start":{"line":38,"column":14},"end":{"line":44,"column":null}}],"line":36},"11":{"loc":{"start":{"line":43,"column":17},"end":{"line":44,"column":null}},"type":"binary-expr","locations":[{"start":{"line":43,"column":17},"end":{"line":43,"column":34}},{"start":{"line":43,"column":34},"end":{"line":44,"column":null}}],"line":43}},"s":{"0":5,"1":5,"2":5,"3":0,"4":5,"5":0,"6":5,"7":0,"8":0},"f":{"0":5,"1":0,"2":0,"3":0,"4":0},"b":{"0":[5,5],"1":[5,5],"2":[0,0],"3":[0,0],"4":[5,0],"5":[0,0,0],"6":[0,0],"7":[0,0,0],"8":[0,0],"9":[5,0],"10":[0,0,0],"11":[0,0]},"meta":{"lastBranch":12,"lastFunction":5,"lastStatement":9,"seen":{"f:3:24:3:41":0,"s:4:22:4:Infinity":0,"b:4:22:4:44:4:44:4:Infinity":0,"s:5:20:5:Infinity":1,"b:5:20:5:49:5:49:5:Infinity":1,"s:7:17:7:Infinity":2,"f:7:29:7:34":1,"s:7:39:7:64":3,"b:7:39:7:56:7:56:7:64":2,"s:8:19:8:Infinity":4,"f:8:29:8:34":2,"s:8:39:8:68":5,"b:8:39:8:53:8:53:8:68":3,"s:10:2:49:Infinity":6,"b:13:7:13:Infinity:14:8:33:Infinity":4,"f:16:23:16:28":3,"s:16:33:26:Infinity":7,"b:17:13:17:32:17:32:17:Infinity:18:14:26:Infinity":5,"b:22:34:22:56:22:56:22:Infinity":6,"b:25:18:25:34:25:34:25:49:25:49:26:Infinity":7,"b:25:138:25:152:25:152:25:167":8,"b:33:7:33:Infinity:34:8:49:Infinity":9,"f:36:21:36:26":4,"s:36:32:44:Infinity":8,"b:37:13:37:30:37:30:37:Infinity:38:14:44:Infinity":10,"b:43:17:43:34:43:34:44:Infinity":11},"fnNames":{}}}
,"/Users/arid/Documents/Testings/React/resume-builder/privy-resume/src/components/preview/PreviewExperience.jsx": {"path":"/Users/arid/Documents/Testings/React/resume-builder/privy-resume/src/components/preview/PreviewExperience.jsx","statementMap":{"0":{"start":{"line":4,"column":19},"end":{"line":4,"column":null}},"1":{"start":{"line":5,"column":2},"end":{"line":5,"column":null}},"2":{"start":{"line":5,"column":26},"end":{"line":5,"column":49}},"3":{"start":{"line":5,"column":52},"end":{"line":5,"column":null}},"4":{"start":{"line":7,"column":2},"end":{"line":34,"column":null}},"5":{"start":{"line":10,"column":26},"end":{"line":31,"column":null}},"6":{"start":{"line":28,"column":54},"end":{"line":28,"column":147}}},"fnMap":{"0":{"name":"PreviewExperience","decl":{"start":{"line":3,"column":24},"end":{"line":3,"column":42}},"loc":{"start":{"line":3,"column":58},"end":{"line":36,"column":null}},"line":3},"1":{"name":"(anonymous_1)","decl":{"start":{"line":5,"column":16},"end":{"line":5,"column":21}},"loc":{"start":{"line":5,"column":26},"end":{"line":5,"column":49}},"line":5},"2":{"name":"(anonymous_2)","decl":{"start":{"line":10,"column":16},"end":{"line":10,"column":21}},"loc":{"start":{"line":10,"column":26},"end":{"line":31,"column":null}},"line":10},"3":{"name":"(anonymous_3)","decl":{"start":{"line":28,"column":32},"end":{"line":28,"column":37}},"loc":{"start":{"line":28,"column":54},"end":{"line":28,"column":147}},"line":28}},"branchMap":{"0":{"loc":{"start":{"line":4,"column":19},"end":{"line":4,"column":null}},"type":"binary-expr","locations":[{"start":{"line":4,"column":19},"end":{"line":4,"column":38}},{"start":{"line":4,"column":38},"end":{"line":4,"column":null}}],"line":4},"1":{"loc":{"start":{"line":5,"column":2},"end":{"line":5,"column":null}},"type":"if","locations":[{"start":{"line":5,"column":2},"end":{"line":5,"column":null}},{"start":{},"end":{}}],"line":5},"2":{"loc":{"start":{"line":5,"column":26},"end":{"line":5,"column":49}},"type":"binary-expr","locations":[{"start":{"line":5,"column":26},"end":{"line":5,"column":39}},{"start":{"line":5,"column":39},"end":{"line":5,"column":49}}],"line":5},"3":{"loc":{"start":{"line":10,"column":26},"end":{"line":31,"column":null}},"type":"binary-expr","locations":[{"start":{"line":11,"column":9},"end":{"line":11,"column":24}},{"start":{"line":11,"column":24},"end":{"line":11,"column":null}},{"start":{"line":12,"column":10},"end":{"line":31,"column":null}}],"line":10},"4":{"loc":{"start":{"line":17,"column":32},"end":{"line":17,"column":null}},"type":"binary-expr","locations":[{"start":{"line":17,"column":32},"end":{"line":17,"column":47}},{"start":{"line":17,"column":47},"end":{"line":17,"column":null}}],"line":17},"5":{"loc":{"start":{"line":20,"column":16},"end":{"line":25,"column":null}},"type":"binary-expr","locations":[{"start":{"line":20,"column":16},"end":{"line":20,"column":32}},{"start":{"line":20,"column":32},"end":{"line":20,"column":null}},{"start":{"line":21,"column":16},"end":{"line":25,"column":null}}],"line":20},"6":{"loc":{"start":{"line":22,"column":36},"end":{"line":22,"column":null}},"type":"binary-expr","locations":[{"start":{"line":22,"column":36},"end":{"line":22,"column":50}},{"start":{"line":22,"column":50},"end":{"line":22,"column":null}}],"line":22},"7":{"loc":{"start":{"line":26,"column":13},"end":{"line":31,"column":null}},"type":"binary-expr","locations":[{"start":{"line":26,"column":13},"end":{"line":26,"column":31}},{"start":{"line":26,"column":31},"end":{"line":26,"column":null}},{"start":{"line":27,"column":14},"end":{"line":31,"column":null}}],"line":26},"8":{"loc":{"start":{"line":28,"column":54},"end":{"line":28,"column":147}},"type":"binary-expr","locations":[{"start":{"line":28,"column":54},"end":{"line":28,"column":64}},{"start":{"line":28,"column":64},"end":{"line":28,"column":147}}],"line":28}},"s":{"0":5,"1":5,"2":0,"3":5,"4":0,"5":0,"6":0},"f":{"0":5,"1":0,"2":0,"3":0},"b":{"0":[5,5],"1":[5,0],"2":[0,0],"3":[0,0,0],"4":[0,0],"5":[0,0,0],"6":[0,0],"7":[0,0,0],"8":[0,0]},"meta":{"lastBranch":9,"lastFunction":4,"lastStatement":7,"seen":{"f:3:24:3:42":0,"s:4:19:4:Infinity":0,"b:4:19:4:38:4:38:4:Infinity":0,"b:5:2:5:Infinity:undefined:undefined:undefined:undefined":1,"s:5:2:5:Infinity":1,"f:5:16:5:21":1,"s:5:26:5:49":2,"b:5:26:5:39:5:39:5:49":2,"s:5:52:5:Infinity":3,"s:7:2:34:Infinity":4,"f:10:16:10:21":2,"s:10:26:31:Infinity":5,"b:11:9:11:24:11:24:11:Infinity:12:10:31:Infinity":3,"b:17:32:17:47:17:47:17:Infinity":4,"b:20:16:20:32:20:32:20:Infinity:21:16:25:Infinity":5,"b:22:36:22:50:22:50:22:Infinity":6,"b:26:13:26:31:26:31:26:Infinity:27:14:31:Infinity":7,"f:28:32:28:37":3,"s:28:54:28:147":6,"b:28:54:28:64:28:64:28:147":8},"fnNames":{}}}
,"/Users/arid/Documents/Testings/React/resume-builder/privy-resume/src/components/preview/PreviewHeader.jsx": {"path":"/Users/arid/Documents/Testings/React/resume-builder/privy-resume/src/components/preview/PreviewHeader.jsx","statementMap":{"0":{"start":{"line":4,"column":25},"end":{"line":4,"column":null}},"1":{"start":{"line":6,"column":2},"end":{"line":69,"column":null}},"2":{"start":{"line":63,"column":12},"end":{"line":64,"column":null}}},"fnMap":{"0":{"name":"PreviewHeader","decl":{"start":{"line":3,"column":24},"end":{"line":3,"column":38}},"loc":{"start":{"line":3,"column":54},"end":{"line":71,"column":null}},"line":3},"1":{"name":"(anonymous_1)","decl":{"start":{"line":62,"column":26},"end":{"line":62,"column":31}},"loc":{"start":{"line":63,"column":12},"end":{"line":64,"column":null}},"line":63}},"branchMap":{"0":{"loc":{"start":{"line":4,"column":25},"end":{"line":4,"column":null}},"type":"binary-expr","locations":[{"start":{"line":4,"column":25},"end":{"line":4,"column":50}},{"start":{"line":4,"column":50},"end":{"line":4,"column":null}}],"line":4},"1":{"loc":{"start":{"line":10,"column":37},"end":{"line":10,"column":81}},"type":"binary-expr","locations":[{"start":{"line":10,"column":37},"end":{"line":10,"column":60}},{"start":{"line":10,"column":60},"end":{"line":10,"column":81}}],"line":10},"2":{"loc":{"start":{"line":12,"column":11},"end":{"line":15,"column":null}},"type":"binary-expr","locations":[{"start":{"line":12,"column":11},"end":{"line":12,"column":null}},{"start":{"line":13,"column":12},"end":{"line":15,"column":null}}],"line":12},"3":{"loc":{"start":{"line":17,"column":11},"end":{"line":20,"column":null}},"type":"binary-expr","locations":[{"start":{"line":17,"column":11},"end":{"line":17,"column":null}},{"start":{"line":18,"column":12},"end":{"line":20,"column":null}}],"line":17},"4":{"loc":{"start":{"line":22,"column":11},"end":{"line":25,"column":null}},"type":"binary-expr","locations":[{"start":{"line":22,"column":11},"end":{"line":22,"column":null}},{"start":{"line":23,"column":12},"end":{"line":25,"column":null}}],"line":22},"5":{"loc":{"start":{"line":31,"column":8},"end":{"line":69,"column":null}},"type":"binary-expr","locations":[{"start":{"line":31,"column":8},"end":{"line":31,"column":31}},{"start":{"line":31,"column":31},"end":{"line":31,"column":52}},{"start":{"line":31,"column":52},"end":{"line":31,"column":73}},{"start":{"line":31,"column":73},"end":{"line":31,"column":97}},{"start":{"line":31,"column":97},"end":{"line":31,"column":null}},{"start":{"line":32,"column":8},"end":{"line":69,"column":null}}],"line":31},"6":{"loc":{"start":{"line":34,"column":11},"end":{"line":38,"column":null}},"type":"binary-expr","locations":[{"start":{"line":34,"column":11},"end":{"line":34,"column":null}},{"start":{"line":35,"column":12},"end":{"line":38,"column":null}}],"line":34},"7":{"loc":{"start":{"line":41,"column":11},"end":{"line":45,"column":null}},"type":"binary-expr","locations":[{"start":{"line":41,"column":11},"end":{"line":41,"column":null}},{"start":{"line":42,"column":12},"end":{"line":45,"column":null}}],"line":41},"8":{"loc":{"start":{"line":48,"column":11},"end":{"line":52,"column":null}},"type":"binary-expr","locations":[{"start":{"line":48,"column":11},"end":{"line":48,"column":null}},{"start":{"line":49,"column":12},"end":{"line":52,"column":null}}],"line":48},"9":{"loc":{"start":{"line":55,"column":11},"end":{"line":59,"column":null}},"type":"binary-expr","locations":[{"start":{"line":55,"column":11},"end":{"line":55,"column":null}},{"start":{"line":56,"column":12},"end":{"line":59,"column":null}}],"line":55},"10":{"loc":{"start":{"line":63,"column":12},"end":{"line":64,"column":null}},"type":"binary-expr","locations":[{"start":{"line":63,"column":12},"end":{"line":63,"column":26}},{"start":{"line":63,"column":26},"end":{"line":63,"column":null}},{"start":{"line":64,"column":14},"end":{"line":64,"column":null}}],"line":63}},"s":{"0":5,"1":5,"2":0},"f":{"0":5,"1":0},"b":{"0":[5,5],"1":[5,0],"2":[5,2],"3":[5,0],"4":[5,0],"5":[5,5,5,5,5,0],"6":[0,0],"7":[0,0],"8":[0,0],"9":[0,0],"10":[0,0,0]},"meta":{"lastBranch":11,"lastFunction":2,"lastStatement":3,"seen":{"f:3:24:3:38":0,"s:4:25:4:Infinity":0,"b:4:25:4:50:4:50:4:Infinity":0,"s:6:2:69:Infinity":1,"b:10:37:10:60:10:60:10:81":1,"b:12:11:12:Infinity:13:12:15:Infinity":2,"b:17:11:17:Infinity:18:12:20:Infinity":3,"b:22:11:22:Infinity:23:12:25:Infinity":4,"b:31:8:31:31:31:31:31:52:31:52:31:73:31:73:31:97:31:97:31:Infinity:32:8:69:Infinity":5,"b:34:11:34:Infinity:35:12:38:Infinity":6,"b:41:11:41:Infinity:42:12:45:Infinity":7,"b:48:11:48:Infinity:49:12:52:Infinity":8,"b:55:11:55:Infinity:56:12:59:Infinity":9,"f:62:26:62:31":1,"s:63:12:64:Infinity":2,"b:63:12:63:26:63:26:63:Infinity:64:14:64:Infinity":10},"fnNames":{}}}
,"/Users/arid/Documents/Testings/React/resume-builder/privy-resume/src/components/preview/PreviewProjects.jsx": {"path":"/Users/arid/Documents/Testings/React/resume-builder/privy-resume/src/components/preview/PreviewProjects.jsx","statementMap":{"0":{"start":{"line":4,"column":20},"end":{"line":4,"column":null}},"1":{"start":{"line":5,"column":2},"end":{"line":5,"column":null}},"2":{"start":{"line":5,"column":27},"end":{"line":5,"column":33}},"3":{"start":{"line":5,"column":36},"end":{"line":5,"column":null}},"4":{"start":{"line":7,"column":2},"end":{"line":34,"column":null}},"5":{"start":{"line":11,"column":8},"end":{"line":11,"column":null}},"6":{"start":{"line":11,"column":24},"end":{"line":11,"column":null}},"7":{"start":{"line":14,"column":26},"end":{"line":14,"column":null}},"8":{"start":{"line":15,"column":8},"end":{"line":17,"column":null}},"9":{"start":{"line":15,"column":45},"end":{"line":15,"column":null}},"10":{"start":{"line":16,"column":13},"end":{"line":17,"column":null}},"11":{"start":{"line":16,"column":50},"end":{"line":16,"column":null}},"12":{"start":{"line":17,"column":13},"end":{"line":17,"column":null}},"13":{"start":{"line":17,"column":49},"end":{"line":17,"column":null}},"14":{"start":{"line":19,"column":8},"end":{"line":31,"column":null}},"15":{"start":{"line":28,"column":55},"end":{"line":28,"column":148}}},"fnMap":{"0":{"name":"PreviewProjects","decl":{"start":{"line":3,"column":24},"end":{"line":3,"column":40}},"loc":{"start":{"line":3,"column":56},"end":{"line":36,"column":null}},"line":3},"1":{"name":"(anonymous_1)","decl":{"start":{"line":5,"column":17},"end":{"line":5,"column":22}},"loc":{"start":{"line":5,"column":27},"end":{"line":5,"column":33}},"line":5},"2":{"name":"(anonymous_2)","decl":{"start":{"line":10,"column":17},"end":{"line":10,"column":22}},"loc":{"start":{"line":10,"column":36},"end":{"line":33,"column":7}},"line":10},"3":{"name":"(anonymous_3)","decl":{"start":{"line":28,"column":33},"end":{"line":28,"column":38}},"loc":{"start":{"line":28,"column":55},"end":{"line":28,"column":148}},"line":28}},"branchMap":{"0":{"loc":{"start":{"line":4,"column":20},"end":{"line":4,"column":null}},"type":"binary-expr","locations":[{"start":{"line":4,"column":20},"end":{"line":4,"column":43}},{"start":{"line":4,"column":43},"end":{"line":4,"column":null}}],"line":4},"1":{"loc":{"start":{"line":5,"column":2},"end":{"line":5,"column":null}},"type":"if","locations":[{"start":{"line":5,"column":2},"end":{"line":5,"column":null}},{"start":{},"end":{}}],"line":5},"2":{"loc":{"start":{"line":11,"column":8},"end":{"line":11,"column":null}},"type":"if","locations":[{"start":{"line":11,"column":8},"end":{"line":11,"column":null}},{"start":{},"end":{}}],"line":11},"3":{"loc":{"start":{"line":15,"column":8},"end":{"line":17,"column":null}},"type":"if","locations":[{"start":{"line":15,"column":8},"end":{"line":17,"column":null}},{"start":{"line":16,"column":13},"end":{"line":17,"column":null}}],"line":15},"4":{"loc":{"start":{"line":15,"column":12},"end":{"line":15,"column":45}},"type":"binary-expr","locations":[{"start":{"line":15,"column":12},"end":{"line":15,"column":30}},{"start":{"line":15,"column":30},"end":{"line":15,"column":45}}],"line":15},"5":{"loc":{"start":{"line":16,"column":13},"end":{"line":17,"column":null}},"type":"if","locations":[{"start":{"line":16,"column":13},"end":{"line":17,"column":null}},{"start":{"line":17,"column":13},"end":{"line":17,"column":null}}],"line":16},"6":{"loc":{"start":{"line":16,"column":17},"end":{"line":16,"column":50}},"type":"binary-expr","locations":[{"start":{"line":16,"column":17},"end":{"line":16,"column":36}},{"start":{"line":16,"column":36},"end":{"line":16,"column":50}}],"line":16},"7":{"loc":{"start":{"line":17,"column":13},"end":{"line":17,"column":null}},"type":"if","locations":[{"start":{"line":17,"column":13},"end":{"line":17,"column":null}},{"start":{},"end":{}}],"line":17},"8":{"loc":{"start":{"line":17,"column":17},"end":{"line":17,"column":49}},"type":"binary-expr","locations":[{"start":{"line":17,"column":17},"end":{"line":17,"column":35}},{"start":{"line":17,"column":35},"end":{"line":17,"column":49}}],"line":17},"9":{"loc":{"start":{"line":23,"column":15},"end":{"line":24,"column":null}},"type":"binary-expr","locations":[{"start":{"line":23,"column":15},"end":{"line":23,"column":30}},{"start":{"line":23,"column":30},"end":{"line":24,"column":null}}],"line":23},"10":{"loc":{"start":{"line":25,"column":13},"end":{"line":25,"column":null}},"type":"binary-expr","locations":[{"start":{"line":25,"column":13},"end":{"line":25,"column":29}},{"start":{"line":25,"column":29},"end":{"line":25,"column":null}}],"line":25},"11":{"loc":{"start":{"line":26,"column":13},"end":{"line":29,"column":null}},"type":"binary-expr","locations":[{"start":{"line":26,"column":13},"end":{"line":26,"column":32}},{"start":{"line":26,"column":32},"end":{"line":26,"column":null}},{"start":{"line":27,"column":14},"end":{"line":29,"column":null}}],"line":26},"12":{"loc":{"start":{"line":28,"column":55},"end":{"line":28,"column":148}},"type":"binary-expr","locations":[{"start":{"line":28,"column":55},"end":{"line":28,"column":65}},{"start":{"line":28,"column":65},"end":{"line":28,"column":148}}],"line":28}},"s":{"0":5,"1":5,"2":0,"3":5,"4":0,"5":0,"6":0,"7":0,"8":0,"9":0,"10":0,"11":0,"12":0,"13":0,"14":0,"15":0},"f":{"0":5,"1":0,"2":0,"3":0},"b":{"0":[5,5],"1":[5,0],"2":[0,0],"3":[0,0],"4":[0,0],"5":[0,0],"6":[0,0],"7":[0,0],"8":[0,0],"9":[0,0],"10":[0,0],"11":[0,0,0],"12":[0,0]},"meta":{"lastBranch":13,"lastFunction":4,"lastStatement":16,"seen":{"f:3:24:3:40":0,"s:4:20:4:Infinity":0,"b:4:20:4:43:4:43:4:Infinity":0,"b:5:2:5:Infinity:undefined:undefined:undefined:undefined":1,"s:5:2:5:Infinity":1,"f:5:17:5:22":1,"s:5:27:5:33":2,"s:5:36:5:Infinity":3,"s:7:2:34:Infinity":4,"f:10:17:10:22":2,"b:11:8:11:Infinity:undefined:undefined:undefined:undefined":2,"s:11:8:11:Infinity":5,"s:11:24:11:Infinity":6,"s:14:26:14:Infinity":7,"b:15:8:17:Infinity:16:13:17:Infinity":3,"s:15:8:17:Infinity":8,"b:15:12:15:30:15:30:15:45":4,"s:15:45:15:Infinity":9,"b:16:13:17:Infinity:17:13:17:Infinity":5,"s:16:13:17:Infinity":10,"b:16:17:16:36:16:36:16:50":6,"s:16:50:16:Infinity":11,"b:17:13:17:Infinity:undefined:undefined:undefined:undefined":7,"s:17:13:17:Infinity":12,"b:17:17:17:35:17:35:17:49":8,"s:17:49:17:Infinity":13,"s:19:8:31:Infinity":14,"b:23:15:23:30:23:30:24:Infinity":9,"b:25:13:25:29:25:29:25:Infinity":10,"b:26:13:26:32:26:32:26:Infinity:27:14:29:Infinity":11,"f:28:33:28:38":3,"s:28:55:28:148":15,"b:28:55:28:65:28:65:28:148":12},"fnNames":{}}}
,"/Users/arid/Documents/Testings/React/resume-builder/privy-resume/src/components/preview/PreviewReferences.jsx": {"path":"/Users/arid/Documents/Testings/React/resume-builder/privy-resume/src/components/preview/PreviewReferences.jsx","statementMap":{"0":{"start":{"line":4,"column":19},"end":{"line":4,"column":null}},"1":{"start":{"line":7,"column":2},"end":{"line":7,"column":null}},"2":{"start":{"line":7,"column":26},"end":{"line":7,"column":43}},"3":{"start":{"line":7,"column":46},"end":{"line":7,"column":null}},"4":{"start":{"line":9,"column":2},"end":{"line":24,"column":null}},"5":{"start":{"line":13,"column":28},"end":{"line":20,"column":null}}},"fnMap":{"0":{"name":"PreviewReferences","decl":{"start":{"line":3,"column":24},"end":{"line":3,"column":42}},"loc":{"start":{"line":3,"column":58},"end":{"line":26,"column":null}},"line":3},"1":{"name":"(anonymous_1)","decl":{"start":{"line":7,"column":16},"end":{"line":7,"column":21}},"loc":{"start":{"line":7,"column":26},"end":{"line":7,"column":43}},"line":7},"2":{"name":"(anonymous_2)","decl":{"start":{"line":13,"column":18},"end":{"line":13,"column":23}},"loc":{"start":{"line":13,"column":28},"end":{"line":20,"column":null}},"line":13}},"branchMap":{"0":{"loc":{"start":{"line":4,"column":19},"end":{"line":4,"column":null}},"type":"binary-expr","locations":[{"start":{"line":4,"column":19},"end":{"line":4,"column":44}},{"start":{"line":4,"column":44},"end":{"line":4,"column":null}}],"line":4},"1":{"loc":{"start":{"line":7,"column":2},"end":{"line":7,"column":null}},"type":"if","locations":[{"start":{"line":7,"column":2},"end":{"line":7,"column":null}},{"start":{},"end":{}}],"line":7},"2":{"loc":{"start":{"line":7,"column":26},"end":{"line":7,"column":43}},"type":"binary-expr","locations":[{"start":{"line":7,"column":26},"end":{"line":7,"column":36}},{"start":{"line":7,"column":36},"end":{"line":7,"column":43}}],"line":7},"3":{"loc":{"start":{"line":13,"column":28},"end":{"line":20,"column":null}},"type":"binary-expr","locations":[{"start":{"line":14,"column":11},"end":{"line":14,"column":23}},{"start":{"line":14,"column":23},"end":{"line":14,"column":null}},{"start":{"line":15,"column":12},"end":{"line":20,"column":null}}],"line":13},"4":{"loc":{"start":{"line":17,"column":15},"end":{"line":17,"column":null}},"type":"binary-expr","locations":[{"start":{"line":17,"column":15},"end":{"line":17,"column":28}},{"start":{"line":17,"column":28},"end":{"line":17,"column":null}}],"line":17},"5":{"loc":{"start":{"line":18,"column":15},"end":{"line":18,"column":null}},"type":"binary-expr","locations":[{"start":{"line":18,"column":15},"end":{"line":18,"column":30}},{"start":{"line":18,"column":30},"end":{"line":18,"column":null}}],"line":18},"6":{"loc":{"start":{"line":19,"column":15},"end":{"line":19,"column":null}},"type":"binary-expr","locations":[{"start":{"line":19,"column":15},"end":{"line":19,"column":30}},{"start":{"line":19,"column":30},"end":{"line":19,"column":null}}],"line":19}},"s":{"0":5,"1":5,"2":0,"3":5,"4":0,"5":0},"f":{"0":5,"1":0,"2":0},"b":{"0":[5,5],"1":[5,0],"2":[0,0],"3":[0,0,0],"4":[0,0],"5":[0,0],"6":[0,0]},"meta":{"lastBranch":7,"lastFunction":3,"lastStatement":6,"seen":{"f:3:24:3:42":0,"s:4:19:4:Infinity":0,"b:4:19:4:44:4:44:4:Infinity":0,"b:7:2:7:Infinity:undefined:undefined:undefined:undefined":1,"s:7:2:7:Infinity":1,"f:7:16:7:21":1,"s:7:26:7:43":2,"b:7:26:7:36:7:36:7:43":2,"s:7:46:7:Infinity":3,"s:9:2:24:Infinity":4,"f:13:18:13:23":2,"s:13:28:20:Infinity":5,"b:14:11:14:23:14:23:14:Infinity:15:12:20:Infinity":3,"b:17:15:17:28:17:28:17:Infinity":4,"b:18:15:18:30:18:30:18:Infinity":5,"b:19:15:19:30:19:30:19:Infinity":6},"fnNames":{}}}
,"/Users/arid/Documents/Testings/React/resume-builder/privy-resume/src/components/preview/PreviewSkills.jsx": {"path":"/Users/arid/Documents/Testings/React/resume-builder/privy-resume/src/components/preview/PreviewSkills.jsx","statementMap":{"0":{"start":{"line":4,"column":21},"end":{"line":4,"column":null}},"1":{"start":{"line":5,"column":2},"end":{"line":5,"column":null}},"2":{"start":{"line":5,"column":28},"end":{"line":5,"column":34}},"3":{"start":{"line":5,"column":37},"end":{"line":5,"column":null}},"4":{"start":{"line":7,"column":2},"end":{"line":28,"column":null}},"5":{"start":{"line":12,"column":8},"end":{"line":12,"column":null}},"6":{"start":{"line":12,"column":25},"end":{"line":12,"column":null}},"7":{"start":{"line":13,"column":25},"end":{"line":13,"column":null}},"8":{"start":{"line":15,"column":8},"end":{"line":25,"column":null}}},"fnMap":{"0":{"name":"PreviewSkills","decl":{"start":{"line":3,"column":24},"end":{"line":3,"column":38}},"loc":{"start":{"line":3,"column":64},"end":{"line":30,"column":null}},"line":3},"1":{"name":"(anonymous_1)","decl":{"start":{"line":5,"column":18},"end":{"line":5,"column":23}},"loc":{"start":{"line":5,"column":28},"end":{"line":5,"column":34}},"line":5},"2":{"name":"(anonymous_2)","decl":{"start":{"line":11,"column":18},"end":{"line":11,"column":23}},"loc":{"start":{"line":11,"column":38},"end":{"line":27,"column":7}},"line":11}},"branchMap":{"0":{"loc":{"start":{"line":4,"column":21},"end":{"line":4,"column":null}},"type":"binary-expr","locations":[{"start":{"line":4,"column":21},"end":{"line":4,"column":46}},{"start":{"line":4,"column":46},"end":{"line":4,"column":null}}],"line":4},"1":{"loc":{"start":{"line":5,"column":2},"end":{"line":5,"column":null}},"type":"if","locations":[{"start":{"line":5,"column":2},"end":{"line":5,"column":null}},{"start":{},"end":{}}],"line":5},"2":{"loc":{"start":{"line":8,"column":32},"end":{"line":8,"column":58}},"type":"cond-expr","locations":[{"start":{"line":8,"column":43},"end":{"line":8,"column":52}},{"start":{"line":8,"column":52},"end":{"line":8,"column":58}}],"line":8},"3":{"loc":{"start":{"line":12,"column":8},"end":{"line":12,"column":null}},"type":"if","locations":[{"start":{"line":12,"column":8},"end":{"line":12,"column":null}},{"start":{},"end":{}}],"line":12},"4":{"loc":{"start":{"line":13,"column":25},"end":{"line":13,"column":null}},"type":"cond-expr","locations":[{"start":{"line":13,"column":44},"end":{"line":13,"column":90}},{"start":{"line":13,"column":90},"end":{"line":13,"column":null}}],"line":13},"5":{"loc":{"start":{"line":16,"column":48},"end":{"line":16,"column":74}},"type":"cond-expr","locations":[{"start":{"line":16,"column":59},"end":{"line":16,"column":67}},{"start":{"line":16,"column":67},"end":{"line":16,"column":74}}],"line":16},"6":{"loc":{"start":{"line":17,"column":57},"end":{"line":17,"column":87}},"type":"cond-expr","locations":[{"start":{"line":17,"column":68},"end":{"line":17,"column":79}},{"start":{"line":17,"column":79},"end":{"line":17,"column":87}}],"line":17},"7":{"loc":{"start":{"line":17,"column":102},"end":{"line":17,"column":134}},"type":"cond-expr","locations":[{"start":{"line":17,"column":113},"end":{"line":17,"column":127}},{"start":{"line":17,"column":127},"end":{"line":17,"column":134}}],"line":17},"8":{"loc":{"start":{"line":18,"column":27},"end":{"line":18,"column":null}},"type":"cond-expr","locations":[{"start":{"line":18,"column":38},"end":{"line":18,"column":43}},{"start":{"line":18,"column":43},"end":{"line":18,"column":null}}],"line":18},"9":{"loc":{"start":{"line":20,"column":13},"end":{"line":25,"column":null}},"type":"binary-expr","locations":[{"start":{"line":20,"column":13},"end":{"line":20,"column":null}},{"start":{"line":21,"column":14},"end":{"line":25,"column":null}}],"line":20},"10":{"loc":{"start":{"line":21,"column":63},"end":{"line":21,"column":93}},"type":"cond-expr","locations":[{"start":{"line":21,"column":74},"end":{"line":21,"column":85}},{"start":{"line":21,"column":85},"end":{"line":21,"column":93}}],"line":21},"11":{"loc":{"start":{"line":21,"column":100},"end":{"line":21,"column":134}},"type":"cond-expr","locations":[{"start":{"line":21,"column":111},"end":{"line":21,"column":123}},{"start":{"line":21,"column":123},"end":{"line":21,"column":134}}],"line":21},"12":{"loc":{"start":{"line":21,"column":143},"end":{"line":21,"column":174}},"type":"cond-expr","locations":[{"start":{"line":21,"column":154},"end":{"line":21,"column":164}},{"start":{"line":21,"column":164},"end":{"line":21,"column":174}}],"line":21},"13":{"loc":{"start":{"line":21,"column":185},"end":{"line":21,"column":208}},"type":"cond-expr","locations":[{"start":{"line":21,"column":196},"end":{"line":21,"column":204}},{"start":{"line":21,"column":204},"end":{"line":21,"column":208}}],"line":21}},"s":{"0":5,"1":5,"2":0,"3":5,"4":0,"5":0,"6":0,"7":0,"8":0},"f":{"0":5,"1":0,"2":0},"b":{"0":[5,5],"1":[5,0],"2":[0,0],"3":[0,0],"4":[0,0],"5":[0,0],"6":[0,0],"7":[0,0],"8":[0,0],"9":[0,0],"10":[0,0],"11":[0,0],"12":[0,0],"13":[0,0]},"meta":{"lastBranch":14,"lastFunction":3,"lastStatement":9,"seen":{"f:3:24:3:38":0,"s:4:21:4:Infinity":0,"b:4:21:4:46:4:46:4:Infinity":0,"b:5:2:5:Infinity:undefined:undefined:undefined:undefined":1,"s:5:2:5:Infinity":1,"f:5:18:5:23":1,"s:5:28:5:34":2,"s:5:37:5:Infinity":3,"s:7:2:28:Infinity":4,"b:8:43:8:52:8:52:8:58":2,"f:11:18:11:23":2,"b:12:8:12:Infinity:undefined:undefined:undefined:undefined":3,"s:12:8:12:Infinity":5,"s:12:25:12:Infinity":6,"s:13:25:13:Infinity":7,"b:13:44:13:90:13:90:13:Infinity":4,"s:15:8:25:Infinity":8,"b:16:59:16:67:16:67:16:74":5,"b:17:68:17:79:17:79:17:87":6,"b:17:113:17:127:17:127:17:134":7,"b:18:38:18:43:18:43:18:Infinity":8,"b:20:13:20:Infinity:21:14:25:Infinity":9,"b:21:74:21:85:21:85:21:93":10,"b:21:111:21:123:21:123:21:134":11,"b:21:154:21:164:21:164:21:174":12,"b:21:196:21:204:21:204:21:208":13},"fnNames":{}}}
}
